[backblue.gif]
[fade.gif]
[index.html]
[tomato6966.xyz/assets/img/favicon.png]
[tomato6966.xyz/assets/img/apple-touch-icon.png]
[tomato6966.xyz/assets/img/profile-img.jpg]
[tomato6966.xyz/assets/img/portfolio/portfolio-1.jpg]
[tomato6966.xyz/assets/img/portfolio/portfolio-2.jpg]
[tomato6966.xyz/assets/img/portfolio/portfolio-3.jpg]
[tomato6966.xyz/assets/img/portfolio/portfolio-4.jpg]
[tomato6966.xyz/assets/img/testimonials/testimonials-1.jpg]
[tomato6966.xyz/assets/img/testimonials/testimonials-2.jpg]
[tomato6966.xyz/assets/img/testimonials/testimonials-3.jpg]
[tomato6966.xyz/assets/img/testimonials/testimonials-4.jpg]
[tomato6966.xyz/assets/vendor/purecounter/purecounter.js]
[tomato6966.xyz/assets/vendor/aos/aos.js]
[tomato6966.xyz/assets/vendor/bootstrap/js/bootstrap.bundle.min.js]
[tomato6966.xyz/assets/vendor/glightbox/js/glightbox.min.js]
[tomato6966.xyz/assets/vendor/isotope-layout/isotope.pkgd.min.js]
[tomato6966.xyz/assets/vendor/swiper/swiper-bundle.min.js]
[tomato6966.xyz/assets/vendor/typed.js/typed.min.js]
[tomato6966.xyz/assets/vendor/waypoints/noframework.waypoints.js]
[tomato6966.xyz/assets/vendor/php-email-form/validate.js]
[tomato6966.xyz/assets/js/main.js]
[tomato6966.xyz/index.html]
[tomato6966.xyz/assets/vendor/aos/aos.css]
[tomato6966.xyz/assets/vendor/bootstrap/css/bootstrap.min.css]
[tomato6966.xyz/assets/vendor/bootstrap-icons/fonts/bootstrap-icons3413.woff2]
[tomato6966.xyz/assets/vendor/bootstrap-icons/fonts/bootstrap-icons3413.woff]
[tomato6966.xyz/assets/vendor/bootstrap-icons/bootstrap-icons.css]
[tomato6966.xyz/assets/vendor/boxicons/fonts/boxicons.eot]
[tomato6966.xyz/assets/vendor/boxicons/fonts/boxicons.woff2]
[tomato6966.xyz/assets/vendor/boxicons/fonts/boxicons.woff]
[tomato6966.xyz/assets/vendor/boxicons/fonts/boxicons.ttf]
[tomato6966.xyz/assets/vendor/boxicons/css/boxicons.min.css]
[tomato6966.xyz/assets/vendor/glightbox/css/glightbox.min.css]
[tomato6966.xyz/assets/vendor/swiper/swiper-bundle.min.css]
[tomato6966.xyz/assets/img/hero-bg.png]
[tomato6966.xyz/assets/css/style.css]
[tomato6966.xyz/index-2.html]
[tomato6966.xyz/www.milrato.html]
[tomato6966.xyz/assets/img/portfolio/portfolio-details-1.jpg]
[tomato6966.xyz/assets/img/portfolio/portfolio-details-2.jpg]
[tomato6966.xyz/assets/img/portfolio/portfolio-details-3.jpg]
[tomato6966.xyz/projects/portfolio-details.html]
[tomato6966.xyz/assets/vendor/boxicons/fonts/boxiconsd41d.svg]
